<?xml version="1.0" encoding="UTF-8"?>
<testsuite xmlns:xsi="http://www.w3.org/2001/XMLSchema-instance" xsi:noNamespaceSchemaLocation="https://maven.apache.org/surefire/maven-surefire-plugin/xsd/surefire-test-report.xsd" name="com.callcenter.despachador.CallCenterUnitTest" time="120.031" tests="8" errors="0" skipped="0" failures="0">
  <properties>
[...]
</properties>
  <testcase name="pruebaVerificarLlamadaNoValida" classname="com.callcenter.despachador.CallCenterUnitTest" time="0.002"/>
  <testcase name="pruebaVerificarEmpleadoNoValido" classname="com.callcenter.despachador.CallCenterUnitTest" time="0.002"/>
  <testcase name="pruebaMenosLlamadasMaximoEmpleados" classname="com.callcenter.despachador.CallCenterUnitTest" time="0.003"/>
  <testcase name="pruebaCapacidadMáxima" classname="com.callcenter.despachador.CallCenterUnitTest" time="0.003"/>
  <testcase name="pruebaCapacidadSuperiorMáxima" classname="com.callcenter.despachador.CallCenterUnitTest" time="119.94"/>
  <testcase name="pruebaVerificarNoExistanDuplicados" classname="com.callcenter.despachador.CallCenterUnitTest" time="0.019"/>
  <testcase name="pruebaNoTodaLaCapacidad" classname="com.callcenter.despachador.CallCenterUnitTest" time="0.017"/>
  <testcase name="pruebaSinEmpleados" classname="com.callcenter.despachador.CallCenterUnitTest" time="0.006"/>
</testsuite>